# JRE version: Java(TM) SE Runtime Environment (8.0_20-b26) (build 1.8.0_20-b26)
# Java VM: Java HotSpot(TM) Client VM (25.20-b23 mixed mode windows-x86 )
Heap:
 def new generation   total 8000K, used 5407K [0x04a00000, 0x052a0000, 0x09f50000)
  eden space 7168K,  63% used [0x04a00000, 0x04e77ca0, 0x05100000)
  from space 832K,  99% used [0x05100000, 0x051cfff8, 0x051d0000)
  to   space 832K,   0% used [0x051d0000, 0x051d0000, 0x052a0000)
 tenured generation   total 17588K, used 17352K [0x09f50000, 0x0b07d000, 0x14a00000)
   the space 17588K,  98% used [0x09f50000, 0x0b042398, 0x0b042400, 0x0b07d000)
 Metaspace       used 18225K, capacity 18424K, committed 18560K, reserved 18816K
GC Heap History (10 events):
Event: 1.986 GC heap before
{Heap before GC invocations=39 (full 2):
 def new generation   total 8000K, used 7847K [0x04a00000, 0x052a0000, 0x09f50000)
  eden space 7168K, 100% used [0x04a00000, 0x05100000, 0x05100000)
  from space 832K,  81% used [0x051d0000, 0x05279c80, 0x052a0000)
  to   space 832K,   0% used [0x05100000, 0x05100000, 0x051d0000)
 tenured generation   total 17588K, used 15082K [0x09f50000, 0x0b07d000, 0x14a00000)
   the space 17588K,  85% used [0x09f50000, 0x0ae0a980, 0x0ae0aa00, 0x0b07d000)
 Metaspace       used 16310K, capacity 16464K, committed 16640K, reserved 16768K
Event: 1.988 GC heap after
Heap after GC invocations=40 (full 2):
 def new generation   total 8000K, used 450K [0x04a00000, 0x052a0000, 0x09f50000)
  eden space 7168K,   0% used [0x04a00000, 0x04a00000, 0x05100000)
  from space 832K,  54% used [0x05100000, 0x05170950, 0x051d0000)
  to   space 832K,   0% used [0x051d0000, 0x051d0000, 0x052a0000)
 tenured generation   total 17588K, used 15522K [0x09f50000, 0x0b07d000, 0x14a00000)
   the space 17588K,  88% used [0x09f50000, 0x0ae78a28, 0x0ae78c00, 0x0b07d000)
 Metaspace       used 16310K, capacity 16464K, committed 16640K, reserved 16768K
}
Event: 2.043 GC heap before
{Heap before GC invocations=40 (full 2):
 def new generation   total 8000K, used 7618K [0x04a00000, 0x052a0000, 0x09f50000)
  eden space 7168K, 100% used [0x04a00000, 0x05100000, 0x05100000)
  from space 832K,  54% used [0x05100000, 0x05170950, 0x051d0000)
  to   space 832K,   0% used [0x051d0000, 0x051d0000, 0x052a0000)
 tenured generation   total 17588K, used 15522K [0x09f50000, 0x0b07d000, 0x14a00000)
   the space 17588K,  88% used [0x09f50000, 0x0ae78a28, 0x0ae78c00, 0x0b07d000)
 Metaspace       used 16413K, capacity 16592K, committed 16768K, reserved 16768K
Event: 2.046 GC heap after
Heap after GC invocations=41 (full 2):
 def new generation   total 8000K, used 568K [0x04a00000, 0x052a0000, 0x09f50000)
  eden space 7168K,   0% used [0x04a00000, 0x04a00000, 0x05100000)
  from space 832K,  68% used [0x051d0000, 0x0525e390, 0x052a0000)
  to   space 832K,   0% used [0x05100000, 0x05100000, 0x051d0000)
 tenured generation   total 17588K, used 15904K [0x09f50000, 0x0b07d000, 0x14a00000)
   the space 17588K,  90% used [0x09f50000, 0x0aed81f0, 0x0aed8200, 0x0b07d000)
 Metaspace       used 16413K, capacity 16592K, committed 16768K, reserved 16768K
}
Event: 2.111 GC heap before
{Heap before GC invocations=41 (full 2):
 def new generation   total 8000K, used 7736K [0x04a00000, 0x052a0000, 0x09f50000)
  eden space 7168K, 100% used [0x04a00000, 0x05100000, 0x05100000)
  from space 832K,  68% used [0x051d0000, 0x0525e390, 0x052a0000)
  to   space 832K,   0% used [0x05100000, 0x05100000, 0x051d0000)
 tenured generation   total 17588K, used 15904K [0x09f50000, 0x0b07d000, 0x14a00000)
   the space 17588K,  90% used [0x09f50000, 0x0aed81f0, 0x0aed8200, 0x0b07d000)
 Metaspace       used 16421K, capacity 16597K, committed 16768K, reserved 16768K
Event: 2.113 GC heap after
Heap after GC invocations=42 (full 2):
 def new generation   total 8000K, used 111K [0x04a00000, 0x052a0000, 0x09f50000)
  eden space 7168K,   0% used [0x04a00000, 0x04a00000, 0x05100000)
  from space 832K,  13% used [0x05100000, 0x0511bf58, 0x051d0000)
  to   space 832K,   0% used [0x051d0000, 0x051d0000, 0x052a0000)
 tenured generation   total 17588K, used 16361K [0x09f50000, 0x0b07d000, 0x14a00000)
   the space 17588K,  93% used [0x09f50000, 0x0af4a5f8, 0x0af4a600, 0x0b07d000)
 Metaspace       used 16421K, capacity 16597K, committed 16768K, reserved 16768K
}
Event: 8.545 GC heap before
{Heap before GC invocations=42 (full 2):
 def new generation   total 8000K, used 7279K [0x04a00000, 0x052a0000, 0x09f50000)
  eden space 7168K, 100% used [0x04a00000, 0x05100000, 0x05100000)
  from space 832K,  13% used [0x05100000, 0x0511bf58, 0x051d0000)
  to   space 832K,   0% used [0x051d0000, 0x051d0000, 0x052a0000)
 tenured generation   total 17588K, used 16361K [0x09f50000, 0x0b07d000, 0x14a00000)
   the space 17588K,  93% used [0x09f50000, 0x0af4a5f8, 0x0af4a600, 0x0b07d000)
 Metaspace       used 17050K, capacity 17213K, committed 17408K, reserved 17792K
Event: 8.547 GC heap after
Heap after GC invocations=43 (full 2):
 def new generation   total 8000K, used 832K [0x04a00000, 0x052a0000, 0x09f50000)
  eden space 7168K,   0% used [0x04a00000, 0x04a00000, 0x05100000)
  from space 832K, 100% used [0x051d0000, 0x052a0000, 0x052a0000)
  to   space 832K,   0% used [0x05100000, 0x05100000, 0x051d0000)
 tenured generation   total 17588K, used 16550K [0x09f50000, 0x0b07d000, 0x14a00000)
   the space 17588K,  94% used [0x09f50000, 0x0af79a60, 0x0af79c00, 0x0b07d000)
 Metaspace       used 17050K, capacity 17213K, committed 17408K, reserved 17792K
}
Event: 47.524 GC heap before
{Heap before GC invocations=43 (full 2):
 def new generation   total 8000K, used 8000K [0x04a00000, 0x052a0000, 0x09f50000)
  eden space 7168K, 100% used [0x04a00000, 0x05100000, 0x05100000)
  from space 832K, 100% used [0x051d0000, 0x052a0000, 0x052a0000)
  to   space 832K,   0% used [0x05100000, 0x05100000, 0x051d0000)
 tenured generation   total 17588K, used 16550K [0x09f50000, 0x0b07d000, 0x14a00000)
   the space 17588K,  94% used [0x09f50000, 0x0af79a60, 0x0af79c00, 0x0b07d000)
 Metaspace       used 17805K, capacity 17976K, committed 18176K, reserved 18816K
Event: 47.528 GC heap after
Heap after GC invocations=44 (full 2):
 def new generation   total 8000K, used 831K [0x04a00000, 0x052a0000, 0x09f50000)
  eden space 7168K,   0% used [0x04a00000, 0x04a00000, 0x05100000)
  from space 832K,  99% used [0x05100000, 0x051cfff8, 0x051d0000)
  to   space 832K,   0% used [0x051d0000, 0x051d0000, 0x052a0000)
 tenured generation   total 17588K, used 17352K [0x09f50000, 0x0b07d000, 0x14a00000)
   the space 17588K,  98% used [0x09f50000, 0x0b042398, 0x0b042400, 0x0b07d000)
 Metaspace       used 17805K, capacity 17976K, committed 18176K, reserved 18816K
}

