# JRE version: Java(TM) SE Runtime Environment (8.0_20-b26) (build 1.8.0_20-b26)
# Java VM: Java HotSpot(TM) Client VM (25.20-b23 mixed mode windows-x86 )
Heap:
 def new generation   total 8064K, used 3254K [0x04e00000, 0x056b0000, 0x0a350000)
  eden space 7232K,  33% used [0x04e00000, 0x0505da18, 0x05510000)
  from space 832K, 100% used [0x05510000, 0x055e0000, 0x055e0000)
  to   space 832K,   0% used [0x055e0000, 0x055e0000, 0x056b0000)
 tenured generation   total 17772K, used 17555K [0x0a350000, 0x0b4ab000, 0x14e00000)
   the space 17772K,  98% used [0x0a350000, 0x0b474ee8, 0x0b475000, 0x0b4ab000)
 Metaspace       used 18176K, capacity 18360K, committed 18560K, reserved 18816K
GC Heap History (10 events):
Event: 1.933 GC heap before
{Heap before GC invocations=39 (full 2):
 def new generation   total 8064K, used 7885K [0x04e00000, 0x056b0000, 0x0a350000)
  eden space 7232K, 100% used [0x04e00000, 0x05510000, 0x05510000)
  from space 832K,  78% used [0x055e0000, 0x05683530, 0x056b0000)
  to   space 832K,   0% used [0x05510000, 0x05510000, 0x055e0000)
 tenured generation   total 17772K, used 14987K [0x0a350000, 0x0b4ab000, 0x14e00000)
   the space 17772K,  84% used [0x0a350000, 0x0b1f2ed8, 0x0b1f3000, 0x0b4ab000)
 Metaspace       used 16309K, capacity 16464K, committed 16640K, reserved 16768K
Event: 1.935 GC heap after
Heap after GC invocations=40 (full 2):
 def new generation   total 8064K, used 437K [0x04e00000, 0x056b0000, 0x0a350000)
  eden space 7232K,   0% used [0x04e00000, 0x04e00000, 0x05510000)
  from space 832K,  52% used [0x05510000, 0x0557d7a0, 0x055e0000)
  to   space 832K,   0% used [0x055e0000, 0x055e0000, 0x056b0000)
 tenured generation   total 17772K, used 15458K [0x0a350000, 0x0b4ab000, 0x14e00000)
   the space 17772K,  86% used [0x0a350000, 0x0b268950, 0x0b268a00, 0x0b4ab000)
 Metaspace       used 16309K, capacity 16464K, committed 16640K, reserved 16768K
}
Event: 1.989 GC heap before
{Heap before GC invocations=40 (full 2):
 def new generation   total 8064K, used 7669K [0x04e00000, 0x056b0000, 0x0a350000)
  eden space 7232K, 100% used [0x04e00000, 0x05510000, 0x05510000)
  from space 832K,  52% used [0x05510000, 0x0557d7a0, 0x055e0000)
  to   space 832K,   0% used [0x055e0000, 0x055e0000, 0x056b0000)
 tenured generation   total 17772K, used 15458K [0x0a350000, 0x0b4ab000, 0x14e00000)
   the space 17772K,  86% used [0x0a350000, 0x0b268950, 0x0b268a00, 0x0b4ab000)
 Metaspace       used 16416K, capacity 16592K, committed 16768K, reserved 16768K
Event: 1.991 GC heap after
Heap after GC invocations=41 (full 2):
 def new generation   total 8064K, used 616K [0x04e00000, 0x056b0000, 0x0a350000)
  eden space 7232K,   0% used [0x04e00000, 0x04e00000, 0x05510000)
  from space 832K,  74% used [0x055e0000, 0x0567a098, 0x056b0000)
  to   space 832K,   0% used [0x05510000, 0x05510000, 0x055e0000)
 tenured generation   total 17772K, used 15828K [0x0a350000, 0x0b4ab000, 0x14e00000)
   the space 17772K,  89% used [0x0a350000, 0x0b2c5020, 0x0b2c5200, 0x0b4ab000)
 Metaspace       used 16416K, capacity 16592K, committed 16768K, reserved 16768K
}
Event: 2.061 GC heap before
{Heap before GC invocations=41 (full 2):
 def new generation   total 8064K, used 7848K [0x04e00000, 0x056b0000, 0x0a350000)
  eden space 7232K, 100% used [0x04e00000, 0x05510000, 0x05510000)
  from space 832K,  74% used [0x055e0000, 0x0567a098, 0x056b0000)
  to   space 832K,   0% used [0x05510000, 0x05510000, 0x055e0000)
 tenured generation   total 17772K, used 15828K [0x0a350000, 0x0b4ab000, 0x14e00000)
   the space 17772K,  89% used [0x0a350000, 0x0b2c5020, 0x0b2c5200, 0x0b4ab000)
 Metaspace       used 16421K, capacity 16597K, committed 16768K, reserved 16768K
Event: 2.063 GC heap after
Heap after GC invocations=42 (full 2):
 def new generation   total 8064K, used 46K [0x04e00000, 0x056b0000, 0x0a350000)
  eden space 7232K,   0% used [0x04e00000, 0x04e00000, 0x05510000)
  from space 832K,   5% used [0x05510000, 0x0551bae8, 0x055e0000)
  to   space 832K,   0% used [0x055e0000, 0x055e0000, 0x056b0000)
 tenured generation   total 17772K, used 16328K [0x0a350000, 0x0b4ab000, 0x14e00000)
   the space 17772K,  91% used [0x0a350000, 0x0b342328, 0x0b342400, 0x0b4ab000)
 Metaspace       used 16421K, capacity 16597K, committed 16768K, reserved 16768K
}
Event: 8.972 GC heap before
{Heap before GC invocations=42 (full 2):
 def new generation   total 8064K, used 7278K [0x04e00000, 0x056b0000, 0x0a350000)
  eden space 7232K, 100% used [0x04e00000, 0x05510000, 0x05510000)
  from space 832K,   5% used [0x05510000, 0x0551bae8, 0x055e0000)
  to   space 832K,   0% used [0x055e0000, 0x055e0000, 0x056b0000)
 tenured generation   total 17772K, used 16328K [0x0a350000, 0x0b4ab000, 0x14e00000)
   the space 17772K,  91% used [0x0a350000, 0x0b342328, 0x0b342400, 0x0b4ab000)
 Metaspace       used 17134K, capacity 17309K, committed 17408K, reserved 17792K
Event: 8.976 GC heap after
Heap after GC invocations=43 (full 2):
 def new generation   total 8064K, used 832K [0x04e00000, 0x056b0000, 0x0a350000)
  eden space 7232K,   0% used [0x04e00000, 0x04e00000, 0x05510000)
  from space 832K, 100% used [0x055e0000, 0x056b0000, 0x056b0000)
  to   space 832K,   0% used [0x05510000, 0x05510000, 0x055e0000)
 tenured generation   total 17772K, used 16695K [0x0a350000, 0x0b4ab000, 0x14e00000)
   the space 17772K,  93% used [0x0a350000, 0x0b39dc38, 0x0b39de00, 0x0b4ab000)
 Metaspace       used 17134K, capacity 17309K, committed 17408K, reserved 17792K
}
Event: 70.187 GC heap before
{Heap before GC invocations=43 (full 2):
 def new generation   total 8064K, used 8064K [0x04e00000, 0x056b0000, 0x0a350000)
  eden space 7232K, 100% used [0x04e00000, 0x05510000, 0x05510000)
  from space 832K, 100% used [0x055e0000, 0x056b0000, 0x056b0000)
  to   space 832K,   0% used [0x05510000, 0x05510000, 0x055e0000)
 tenured generation   total 17772K, used 16695K [0x0a350000, 0x0b4ab000, 0x14e00000)
   the space 17772K,  93% used [0x0a350000, 0x0b39dc38, 0x0b39de00, 0x0b4ab000)
 Metaspace       used 17946K, capacity 18104K, committed 18304K, reserved 18816K
Event: 70.191 GC heap after
Heap after GC invocations=44 (full 2):
 def new generation   total 8064K, used 832K [0x04e00000, 0x056b0000, 0x0a350000)
  eden space 7232K,   0% used [0x04e00000, 0x04e00000, 0x05510000)
  from space 832K, 100% used [0x05510000, 0x055e0000, 0x055e0000)
  to   space 832K,   0% used [0x055e0000, 0x055e0000, 0x056b0000)
 tenured generation   total 17772K, used 17555K [0x0a350000, 0x0b4ab000, 0x14e00000)
   the space 17772K,  98% used [0x0a350000, 0x0b474ee8, 0x0b475000, 0x0b4ab000)
 Metaspace       used 17946K, capacity 18104K, committed 18304K, reserved 18816K
}

